1546881535225	mozrunner::runner	INFO	Running command: "/usr/bin/firefox" "-marionette" "-foreground" "-no-remote" "-profile" "/tmp/rust_mozprofile.6tZsHVLDga73"
1546881541620	addons.webextension.screenshots@mozilla.org	WARN	Loading extension 'screenshots@mozilla.org': Reading manifest: Invalid host permission: resource://pdf.js/
1546881541620	addons.webextension.screenshots@mozilla.org	WARN	Loading extension 'screenshots@mozilla.org': Reading manifest: Invalid host permission: about:reader*
1546881549160	Marionette	INFO	Listening on port 36547
1546881549190	Marionette	WARN	TLS certificate errors will be ignored for this session
JavaScript warning: https://www.tableau.com/sites/default/files/js/js_lqM_zzq5iCadVIW-c0inEkbUq6UkEEiEDrKtxQmYofw.js, line 1: Using //@ to indicate sourceMappingURL pragmas is deprecated. Use //# instead
JavaScript error: https://www.tableau.com/sites/default/files/js/js_vrvq7gO4OFH3OfcjZIMstm1P8mvqmIDkxfQ7WXyAej4.js, line 21: TypeError: onTimeout.call is not a function
JavaScript warning: https://www.google-analytics.com/gtm/js?id=GTM-M88C76Q&t=gtm7&cid=2005586850.1546881564, line 95: unreachable code after return statement
1546881580152	Marionette	INFO	Stopped listening on port 36547
JavaScript error: jar:file:///usr/lib/firefox/browser/omni.ja!/components/nsBrowserGlue.js, line 1393: NS_ERROR_FAILURE: Component returned failure code: 0x80004005 (NS_ERROR_FAILURE) [nsIAppShellService.hiddenDOMWindow]
1546881622430	mozrunner::runner	INFO	Running command: "/usr/bin/firefox" "-marionette" "-foreground" "-no-remote" "-profile" "/tmp/rust_mozprofile.mQjXgAr91FFD"
1546881624135	addons.webextension.screenshots@mozilla.org	WARN	Loading extension 'screenshots@mozilla.org': Reading manifest: Invalid host permission: resource://pdf.js/
1546881624135	addons.webextension.screenshots@mozilla.org	WARN	Loading extension 'screenshots@mozilla.org': Reading manifest: Invalid host permission: about:reader*
1546881629707	Marionette	INFO	Listening on port 37059
1546881629803	Marionette	WARN	TLS certificate errors will be ignored for this session
JavaScript warning: https://www.tableau.com/sites/default/files/js/js_lqM_zzq5iCadVIW-c0inEkbUq6UkEEiEDrKtxQmYofw.js, line 1: Using //@ to indicate sourceMappingURL pragmas is deprecated. Use //# instead
JavaScript warning: https://www.google-analytics.com/gtm/js?id=GTM-M88C76Q&t=gtm7&cid=2065185630.1546881645, line 95: unreachable code after return statement
JavaScript error: https://www.tableau.com/sites/default/files/js/js_vrvq7gO4OFH3OfcjZIMstm1P8mvqmIDkxfQ7WXyAej4.js, line 21: TypeError: onTimeout.call is not a function
console.error: BroadcastService: 
  receivedBroadcastMessage: handler for
  remote-settings/monitor_changes
  threw error:
  Message: Error: Polling for changes failed: NetworkError when attempting to fetch resource..
  Stack:
    remoteSettingsFunction/remoteSettings.pollChanges@resource://services-settings/remote-settings.js:750:13

1546881671745	Marionette	INFO	Stopped listening on port 37059
[Parent 11547, Gecko_IOThread] WARNING: pipe error (78): Connection reset by peer: file /build/firefox-wWf_B4/firefox-64.0+build3/ipc/chromium/src/chrome/common/ipc_channel_posix.cc, line 363
[Parent 11547, Gecko_IOThread] WARNING: pipe error (133): Connection reset by peer: file /build/firefox-wWf_B4/firefox-64.0+build3/ipc/chromium/src/chrome/common/ipc_channel_posix.cc, line 363
1546881730467	mozrunner::runner	INFO	Running command: "/usr/bin/firefox" "-marionette" "-foreground" "-no-remote" "-profile" "/tmp/rust_mozprofile.X9Ra3CRiO0KB"
1546881731639	addons.webextension.screenshots@mozilla.org	WARN	Loading extension 'screenshots@mozilla.org': Reading manifest: Invalid host permission: resource://pdf.js/
1546881731640	addons.webextension.screenshots@mozilla.org	WARN	Loading extension 'screenshots@mozilla.org': Reading manifest: Invalid host permission: about:reader*
1546881736781	Marionette	INFO	Listening on port 44583
1546881736816	Marionette	WARN	TLS certificate errors will be ignored for this session
JavaScript warning: https://www.tableau.com/sites/default/files/js/js_lqM_zzq5iCadVIW-c0inEkbUq6UkEEiEDrKtxQmYofw.js, line 1: Using //@ to indicate sourceMappingURL pragmas is deprecated. Use //# instead
JavaScript warning: https://www.google-analytics.com/gtm/js?id=GTM-M88C76Q&t=gtm7&cid=1576227266.1546881744, line 95: unreachable code after return statement
JavaScript error: https://www.tableau.com/sites/default/files/js/js_vrvq7gO4OFH3OfcjZIMstm1P8mvqmIDkxfQ7WXyAej4.js, line 21: TypeError: onTimeout.call is not a function
1546881772617	Marionette	INFO	Stopped listening on port 44583
1546881823606	mozrunner::runner	INFO	Running command: "/usr/bin/firefox" "-marionette" "-foreground" "-no-remote" "-profile" "/tmp/rust_mozprofile.AIWnpaj4FD5A"
1546881824693	addons.webextension.screenshots@mozilla.org	WARN	Loading extension 'screenshots@mozilla.org': Reading manifest: Invalid host permission: resource://pdf.js/
1546881824693	addons.webextension.screenshots@mozilla.org	WARN	Loading extension 'screenshots@mozilla.org': Reading manifest: Invalid host permission: about:reader*
1546881829890	Marionette	INFO	Listening on port 43853
1546881829944	Marionette	WARN	TLS certificate errors will be ignored for this session
JavaScript warning: https://www.tableau.com/sites/default/files/js/js_lqM_zzq5iCadVIW-c0inEkbUq6UkEEiEDrKtxQmYofw.js, line 1: Using //@ to indicate sourceMappingURL pragmas is deprecated. Use //# instead
JavaScript error: https://www.tableau.com/sites/default/files/js/js_vrvq7gO4OFH3OfcjZIMstm1P8mvqmIDkxfQ7WXyAej4.js, line 21: TypeError: onTimeout.call is not a function
JavaScript warning: https://www.google-analytics.com/gtm/js?id=GTM-M88C76Q&t=gtm7&cid=290747479.1546881849, line 95: unreachable code after return statement
1546881871933	Marionette	INFO	Stopped listening on port 43853
[Child 12360, Chrome_ChildThread] WARNING: pipe error: Broken pipe: file /build/firefox-wWf_B4/firefox-64.0+build3/ipc/chromium/src/chrome/common/ipc_channel_posix.cc, line 736
[Child 12360, Chrome_ChildThread] WARNING: pipe error: Broken pipe: file /build/firefox-wWf_B4/firefox-64.0+build3/ipc/chromium/src/chrome/common/ipc_channel_posix.cc, line 736
[Child 12360, Chrome_ChildThread] WARNING: pipe error: Broken pipe: file /build/firefox-wWf_B4/firefox-64.0+build3/ipc/chromium/src/chrome/common/ipc_channel_posix.cc, line 736
[Child 12360, Chrome_ChildThread] WARNING: pipe error: Broken pipe: file /build/firefox-wWf_B4/firefox-64.0+build3/ipc/chromium/src/chrome/common/ipc_channel_posix.cc, line 736
[Child 12360, Chrome_ChildThread] WARNING: pipe error: Broken pipe: file /build/firefox-wWf_B4/firefox-64.0+build3/ipc/chromium/src/chrome/common/ipc_channel_posix.cc, line 736
[Child 12360, Chrome_ChildThread] WARNING: pipe error: Broken pipe: file /build/firefox-wWf_B4/firefox-64.0+build3/ipc/chromium/src/chrome/common/ipc_channel_posix.cc, line 736
[Child 12360, Chrome_ChildThread] WARNING: pipe error: Broken pipe: file /build/firefox-wWf_B4/firefox-64.0+build3/ipc/chromium/src/chrome/common/ipc_channel_posix.cc, line 736
[Child 12360, Chrome_ChildThread] WARNING: pipe error: Broken pipe: file /build/firefox-wWf_B4/firefox-64.0+build3/ipc/chromium/src/chrome/common/ipc_channel_posix.cc, line 736
[Child 12360, Chrome_ChildThread] WARNING: pipe error: Broken pipe: file /build/firefox-wWf_B4/firefox-64.0+build3/ipc/chromium/src/chrome/common/ipc_channel_posix.cc, line 736
1546881969526	mozrunner::runner	INFO	Running command: "/usr/bin/firefox" "-marionette" "-foreground" "-no-remote" "-profile" "/tmp/rust_mozprofile.3mZZM8V1XbNC"
1546881970626	addons.webextension.screenshots@mozilla.org	WARN	Loading extension 'screenshots@mozilla.org': Reading manifest: Invalid host permission: resource://pdf.js/
1546881970627	addons.webextension.screenshots@mozilla.org	WARN	Loading extension 'screenshots@mozilla.org': Reading manifest: Invalid host permission: about:reader*
1546881975636	Marionette	INFO	Listening on port 40309
1546881975681	Marionette	WARN	TLS certificate errors will be ignored for this session
JavaScript warning: https://www.tableau.com/sites/default/files/js/js_lqM_zzq5iCadVIW-c0inEkbUq6UkEEiEDrKtxQmYofw.js, line 1: Using //@ to indicate sourceMappingURL pragmas is deprecated. Use //# instead
JavaScript error: https://www.tableau.com/sites/default/files/js/js_vrvq7gO4OFH3OfcjZIMstm1P8mvqmIDkxfQ7WXyAej4.js, line 21: TypeError: onTimeout.call is not a function
JavaScript warning: https://www.google-analytics.com/gtm/js?id=GTM-M88C76Q&t=gtm7&cid=1226276107.1546882000, line 95: unreachable code after return statement
1546882015222	Marionette	INFO	Stopped listening on port 40309
[Parent 12588, Gecko_IOThread] WARNING: pipe error (121): Connection reset by peer: file /build/firefox-wWf_B4/firefox-64.0+build3/ipc/chromium/src/chrome/common/ipc_channel_posix.cc, line 363
1546882287656	mozrunner::runner	INFO	Running command: "/usr/bin/firefox" "-marionette" "-foreground" "-no-remote" "-profile" "/tmp/rust_mozprofile.XNaySsj0cl7y"
1546882288839	addons.webextension.screenshots@mozilla.org	WARN	Loading extension 'screenshots@mozilla.org': Reading manifest: Invalid host permission: resource://pdf.js/
1546882288839	addons.webextension.screenshots@mozilla.org	WARN	Loading extension 'screenshots@mozilla.org': Reading manifest: Invalid host permission: about:reader*
1546882293631	Marionette	INFO	Listening on port 33623
1546882293702	Marionette	WARN	TLS certificate errors will be ignored for this session
JavaScript warning: https://www.tableau.com/sites/default/files/js/js_lqM_zzq5iCadVIW-c0inEkbUq6UkEEiEDrKtxQmYofw.js, line 1: Using //@ to indicate sourceMappingURL pragmas is deprecated. Use //# instead
JavaScript error: https://www.tableau.com/sites/default/files/js/js_vrvq7gO4OFH3OfcjZIMstm1P8mvqmIDkxfQ7WXyAej4.js, line 21: TypeError: onTimeout.call is not a function
JavaScript warning: https://www.google-analytics.com/gtm/js?id=GTM-M88C76Q&t=gtm7&cid=1311925919.1546882320, line 95: unreachable code after return statement
1546882333028	Marionette	INFO	Stopped listening on port 33623
1546882367384	mozrunner::runner	INFO	Running command: "/usr/bin/firefox" "-marionette" "-foreground" "-no-remote" "-profile" "/tmp/rust_mozprofile.dj5dYQtRb16F"
1546882368435	addons.webextension.screenshots@mozilla.org	WARN	Loading extension 'screenshots@mozilla.org': Reading manifest: Invalid host permission: resource://pdf.js/
1546882368436	addons.webextension.screenshots@mozilla.org	WARN	Loading extension 'screenshots@mozilla.org': Reading manifest: Invalid host permission: about:reader*
1546882373265	Marionette	INFO	Listening on port 34091
1546882373362	Marionette	WARN	TLS certificate errors will be ignored for this session
JavaScript warning: https://www.tableau.com/sites/default/files/js/js_lqM_zzq5iCadVIW-c0inEkbUq6UkEEiEDrKtxQmYofw.js, line 1: Using //@ to indicate sourceMappingURL pragmas is deprecated. Use //# instead
JavaScript warning: https://www.google-analytics.com/gtm/js?id=GTM-M88C76Q&t=gtm7&cid=2020391554.1546882382, line 95: unreachable code after return statement
JavaScript error: https://www.tableau.com/sites/default/files/js/js_vrvq7gO4OFH3OfcjZIMstm1P8mvqmIDkxfQ7WXyAej4.js, line 21: TypeError: onTimeout.call is not a function
1546882412862	Marionette	INFO	Stopped listening on port 34091
[Parent 13282, Gecko_IOThread] WARNING: pipe error (120): Connection reset by peer: file /build/firefox-wWf_B4/firefox-64.0+build3/ipc/chromium/src/chrome/common/ipc_channel_posix.cc, line 363
1546882446352	mozrunner::runner	INFO	Running command: "/usr/bin/firefox" "-marionette" "-foreground" "-no-remote" "-profile" "/tmp/rust_mozprofile.BCPGHW8dyjfh"
1546882447626	addons.webextension.screenshots@mozilla.org	WARN	Loading extension 'screenshots@mozilla.org': Reading manifest: Invalid host permission: resource://pdf.js/
1546882447626	addons.webextension.screenshots@mozilla.org	WARN	Loading extension 'screenshots@mozilla.org': Reading manifest: Invalid host permission: about:reader*
1546882453356	Marionette	INFO	Listening on port 38713
1546882453417	Marionette	WARN	TLS certificate errors will be ignored for this session
JavaScript warning: https://www.tableau.com/sites/default/files/js/js_lqM_zzq5iCadVIW-c0inEkbUq6UkEEiEDrKtxQmYofw.js, line 1: Using //@ to indicate sourceMappingURL pragmas is deprecated. Use //# instead
JavaScript error: https://www.tableau.com/sites/default/files/js/js_vrvq7gO4OFH3OfcjZIMstm1P8mvqmIDkxfQ7WXyAej4.js, line 21: TypeError: onTimeout.call is not a function
1546882489657	Marionette	INFO	Stopped listening on port 38713
JavaScript error: resource://gre/modules/WebProgressChild.jsm, line 58: TypeError: this.mm.content is null
1546882535338	mozrunner::runner	INFO	Running command: "/usr/bin/firefox" "-marionette" "-foreground" "-no-remote" "-profile" "/tmp/rust_mozprofile.qXLDfKAJ9op8"
1546882536521	addons.webextension.screenshots@mozilla.org	WARN	Loading extension 'screenshots@mozilla.org': Reading manifest: Invalid host permission: resource://pdf.js/
1546882536522	addons.webextension.screenshots@mozilla.org	WARN	Loading extension 'screenshots@mozilla.org': Reading manifest: Invalid host permission: about:reader*
1546882541636	Marionette	INFO	Listening on port 33171
1546882541717	Marionette	WARN	TLS certificate errors will be ignored for this session
JavaScript warning: https://www.tableau.com/sites/default/files/js/js_lqM_zzq5iCadVIW-c0inEkbUq6UkEEiEDrKtxQmYofw.js, line 1: Using //@ to indicate sourceMappingURL pragmas is deprecated. Use //# instead
JavaScript error: https://www.tableau.com/sites/default/files/js/js_vrvq7gO4OFH3OfcjZIMstm1P8mvqmIDkxfQ7WXyAej4.js, line 21: TypeError: onTimeout.call is not a function
JavaScript warning: https://www.google-analytics.com/gtm/js?id=GTM-M88C76Q&t=gtm7&cid=1719257621.1546882565, line 95: unreachable code after return statement
1546882588501	Marionette	INFO	Stopped listening on port 33171
JavaScript error: resource://gre/modules/WebProgressChild.jsm, line 58: TypeError: this.mm.content is null
1546882648629	mozrunner::runner	INFO	Running command: "/usr/bin/firefox" "-marionette" "-foreground" "-no-remote" "-profile" "/tmp/rust_mozprofile.qLxfPRkohiU4"
1546882650087	addons.webextension.screenshots@mozilla.org	WARN	Loading extension 'screenshots@mozilla.org': Reading manifest: Invalid host permission: resource://pdf.js/
1546882650088	addons.webextension.screenshots@mozilla.org	WARN	Loading extension 'screenshots@mozilla.org': Reading manifest: Invalid host permission: about:reader*
1546882656299	Marionette	INFO	Listening on port 46549
1546882656398	Marionette	WARN	TLS certificate errors will be ignored for this session
JavaScript warning: https://www.tableau.com/sites/default/files/js/js_lqM_zzq5iCadVIW-c0inEkbUq6UkEEiEDrKtxQmYofw.js, line 1: Using //@ to indicate sourceMappingURL pragmas is deprecated. Use //# instead
JavaScript error: https://www.tableau.com/sites/default/files/js/js_vrvq7gO4OFH3OfcjZIMstm1P8mvqmIDkxfQ7WXyAej4.js, line 21: TypeError: onTimeout.call is not a function
JavaScript warning: https://www.google-analytics.com/gtm/js?id=GTM-M88C76Q&t=gtm7&cid=1547444926.1546882678, line 95: unreachable code after return statement
1546882695802	Marionette	INFO	Stopped listening on port 46549
[Parent 14260, Gecko_IOThread] WARNING: pipe error (78): Connection reset by peer: file /build/firefox-wWf_B4/firefox-64.0+build3/ipc/chromium/src/chrome/common/ipc_channel_posix.cc, line 363
JavaScript error: resource://gre/modules/WebProgressChild.jsm, line 58: TypeError: this.mm.content is null
[Child 14413, Chrome_ChildThread] WARNING: pipe error: Broken pipe: file /build/firefox-wWf_B4/firefox-64.0+build3/ipc/chromium/src/chrome/common/ipc_channel_posix.cc, line 736
[Child 14413, Chrome_ChildThread] WARNING: pipe error: Broken pipe: file /build/firefox-wWf_B4/firefox-64.0+build3/ipc/chromium/src/chrome/common/ipc_channel_posix.cc, line 736
[Child 14413, Chrome_ChildThread] WARNING: pipe error: Broken pipe: file /build/firefox-wWf_B4/firefox-64.0+build3/ipc/chromium/src/chrome/common/ipc_channel_posix.cc, line 736
[Child 14413, Chrome_ChildThread] WARNING: pipe error: Broken pipe: file /build/firefox-wWf_B4/firefox-64.0+build3/ipc/chromium/src/chrome/common/ipc_channel_posix.cc, line 736
[Child 14413, Chrome_ChildThread] WARNING: pipe error: Broken pipe: file /build/firefox-wWf_B4/firefox-64.0+build3/ipc/chromium/src/chrome/common/ipc_channel_posix.cc, line 736
[Child 14413, Chrome_ChildThread] WARNING: pipe error: Broken pipe: file /build/firefox-wWf_B4/firefox-64.0+build3/ipc/chromium/src/chrome/common/ipc_channel_posix.cc, line 736
[Child 14413, Chrome_ChildThread] WARNING: pipe error: Broken pipe: file /build/firefox-wWf_B4/firefox-64.0+build3/ipc/chromium/src/chrome/common/ipc_channel_posix.cc, line 736
[Child 14413, Chrome_ChildThread] WARNING: pipe error: Broken pipe: file /build/firefox-wWf_B4/firefox-64.0+build3/ipc/chromium/src/chrome/common/ipc_channel_posix.cc, line 736
[Child 14413, Chrome_ChildThread] WARNING: pipe error: Broken pipe: file /build/firefox-wWf_B4/firefox-64.0+build3/ipc/chromium/src/chrome/common/ipc_channel_posix.cc, line 736

###!!! [Child][RunMessage] Error: Channel closing: too late to send/recv, messages will be lost


###!!! [Child][RunMessage] Error: Channel closing: too late to send/recv, messages will be lost

[Parent 14260, Gecko_IOThread] WARNING: pipe error (132): Connection reset by peer: file /build/firefox-wWf_B4/firefox-64.0+build3/ipc/chromium/src/chrome/common/ipc_channel_posix.cc, line 363
1546882742240	mozrunner::runner	INFO	Running command: "/usr/bin/firefox" "-marionette" "-foreground" "-no-remote" "-profile" "/tmp/rust_mozprofile.cM5LuZFWxbDC"
1546882743332	addons.webextension.screenshots@mozilla.org	WARN	Loading extension 'screenshots@mozilla.org': Reading manifest: Invalid host permission: resource://pdf.js/
1546882743332	addons.webextension.screenshots@mozilla.org	WARN	Loading extension 'screenshots@mozilla.org': Reading manifest: Invalid host permission: about:reader*
1546882747825	Marionette	INFO	Listening on port 33133
1546882747884	Marionette	WARN	TLS certificate errors will be ignored for this session
JavaScript warning: https://www.tableau.com/sites/default/files/js/js_lqM_zzq5iCadVIW-c0inEkbUq6UkEEiEDrKtxQmYofw.js, line 1: Using //@ to indicate sourceMappingURL pragmas is deprecated. Use //# instead
JavaScript error: https://www.tableau.com/sites/default/files/js/js_vrvq7gO4OFH3OfcjZIMstm1P8mvqmIDkxfQ7WXyAej4.js, line 21: TypeError: onTimeout.call is not a function
JavaScript warning: https://www.google-analytics.com/gtm/js?id=GTM-M88C76Q&t=gtm7&cid=443209863.1546882767, line 95: unreachable code after return statement
console.error: BroadcastService: 
  receivedBroadcastMessage: handler for
  remote-settings/monitor_changes
  threw error:
  Message: Error: Polling for changes failed: NetworkError when attempting to fetch resource..
  Stack:
    remoteSettingsFunction/remoteSettings.pollChanges@resource://services-settings/remote-settings.js:750:13

1546882783655	Marionette	INFO	Stopped listening on port 33133
[Parent 14600, Gecko_IOThread] WARNING: pipe error (78): Connection reset by peer: file /build/firefox-wWf_B4/firefox-64.0+build3/ipc/chromium/src/chrome/common/ipc_channel_posix.cc, line 363
JavaScript error: resource://gre/modules/WebProgressChild.jsm, line 58: TypeError: this.mm.content is null
1546915782178	mozrunner::runner	INFO	Running command: "/usr/bin/firefox" "-marionette" "-foreground" "-no-remote" "-profile" "/tmp/rust_mozprofile.qS9jgcRbyBlN"
1546915787768	addons.webextension.screenshots@mozilla.org	WARN	Loading extension 'screenshots@mozilla.org': Reading manifest: Invalid host permission: resource://pdf.js/
1546915787769	addons.webextension.screenshots@mozilla.org	WARN	Loading extension 'screenshots@mozilla.org': Reading manifest: Invalid host permission: about:reader*
1546915795076	Marionette	INFO	Listening on port 45103
1546915795167	Marionette	WARN	TLS certificate errors will be ignored for this session
JavaScript warning: https://www.tableau.com/sites/default/files/js/js_lqM_zzq5iCadVIW-c0inEkbUq6UkEEiEDrKtxQmYofw.js, line 1: Using //@ to indicate sourceMappingURL pragmas is deprecated. Use //# instead
JavaScript warning: https://www.google-analytics.com/gtm/js?id=GTM-M88C76Q&t=gtm7&cid=1269218112.1546915803, line 95: unreachable code after return statement
JavaScript error: https://www.tableau.com/sites/default/files/js/js_vrvq7gO4OFH3OfcjZIMstm1P8mvqmIDkxfQ7WXyAej4.js, line 21: TypeError: onTimeout.call is not a function
1546915828397	Marionette	INFO	Stopped listening on port 45103
[Child 3296, Chrome_ChildThread] WARNING: pipe error: Broken pipe: file /build/firefox-wWf_B4/firefox-64.0+build3/ipc/chromium/src/chrome/common/ipc_channel_posix.cc, line 736
[Child 3296, Chrome_ChildThread] WARNING: pipe error: Broken pipe: file /build/firefox-wWf_B4/firefox-64.0+build3/ipc/chromium/src/chrome/common/ipc_channel_posix.cc, line 736
[Child 3296, Chrome_ChildThread] WARNING: pipe error (3): Connection reset by peer: file /build/firefox-wWf_B4/firefox-64.0+build3/ipc/chromium/src/chrome/common/ipc_channel_posix.cc, line 363
[Parent 3106, Gecko_IOThread] WARNING: pipe error (121): Connection reset by peer: file /build/firefox-wWf_B4/firefox-64.0+build3/ipc/chromium/src/chrome/common/ipc_channel_posix.cc, line 363
1546915960684	mozrunner::runner	INFO	Running command: "/usr/bin/firefox" "-marionette" "-foreground" "-no-remote" "-profile" "/tmp/rust_mozprofile.KA4fC4UiwIsO"
1546915962115	addons.webextension.screenshots@mozilla.org	WARN	Loading extension 'screenshots@mozilla.org': Reading manifest: Invalid host permission: resource://pdf.js/
1546915962115	addons.webextension.screenshots@mozilla.org	WARN	Loading extension 'screenshots@mozilla.org': Reading manifest: Invalid host permission: about:reader*
1546915967637	Marionette	INFO	Listening on port 40755
1546915967730	Marionette	WARN	TLS certificate errors will be ignored for this session
JavaScript warning: https://www.tableau.com/sites/default/files/js/js_lqM_zzq5iCadVIW-c0inEkbUq6UkEEiEDrKtxQmYofw.js, line 1: Using //@ to indicate sourceMappingURL pragmas is deprecated. Use //# instead
JavaScript error: https://www.tableau.com/sites/default/files/js/js_vrvq7gO4OFH3OfcjZIMstm1P8mvqmIDkxfQ7WXyAej4.js, line 21: TypeError: onTimeout.call is not a function
JavaScript warning: https://www.google-analytics.com/gtm/js?id=GTM-M88C76Q&t=gtm7&cid=1765409766.1546915983, line 95: unreachable code after return statement
1546915992881	Marionette	INFO	Stopped listening on port 40755
[Parent 3500, Gecko_IOThread] WARNING: pipe error (112): Connection reset by peer: file /build/firefox-wWf_B4/firefox-64.0+build3/ipc/chromium/src/chrome/common/ipc_channel_posix.cc, line 363
1546916046570	mozrunner::runner	INFO	Running command: "/usr/bin/firefox" "-marionette" "-foreground" "-no-remote" "-profile" "/tmp/rust_mozprofile.hKu5kD6e7Q5b"
1546916047918	addons.webextension.screenshots@mozilla.org	WARN	Loading extension 'screenshots@mozilla.org': Reading manifest: Invalid host permission: resource://pdf.js/
1546916047919	addons.webextension.screenshots@mozilla.org	WARN	Loading extension 'screenshots@mozilla.org': Reading manifest: Invalid host permission: about:reader*
1546916054012	Marionette	INFO	Listening on port 36803
1546916054132	Marionette	WARN	TLS certificate errors will be ignored for this session
JavaScript warning: https://www.tableau.com/sites/default/files/js/js_lqM_zzq5iCadVIW-c0inEkbUq6UkEEiEDrKtxQmYofw.js, line 1: Using //@ to indicate sourceMappingURL pragmas is deprecated. Use //# instead
JavaScript error: https://www.tableau.com/sites/default/files/js/js_vrvq7gO4OFH3OfcjZIMstm1P8mvqmIDkxfQ7WXyAej4.js, line 21: TypeError: onTimeout.call is not a function
JavaScript warning: https://www.google-analytics.com/gtm/js?id=GTM-M88C76Q&t=gtm7&cid=42881999.1546916064, line 95: unreachable code after return statement
1546916081705	Marionette	INFO	Stopped listening on port 36803
JavaScript error: resource://gre/modules/WebProgressChild.jsm, line 58: TypeError: this.mm.content is null
1546916555203	mozrunner::runner	INFO	Running command: "/usr/bin/firefox" "-marionette" "-foreground" "-no-remote" "-profile" "/tmp/rust_mozprofile.aBgwb3HwfX2L"
1546916556939	addons.webextension.screenshots@mozilla.org	WARN	Loading extension 'screenshots@mozilla.org': Reading manifest: Invalid host permission: resource://pdf.js/
1546916556939	addons.webextension.screenshots@mozilla.org	WARN	Loading extension 'screenshots@mozilla.org': Reading manifest: Invalid host permission: about:reader*
1546916562342	Marionette	INFO	Listening on port 33523
1546916562466	Marionette	WARN	TLS certificate errors will be ignored for this session
1546916570346	Marionette	INFO	Stopped listening on port 33523
1546917387890	mozrunner::runner	INFO	Running command: "/usr/bin/firefox" "-marionette" "-foreground" "-no-remote" "-profile" "/tmp/rust_mozprofile.xaCxbbSFa7wi"
1546917388949	addons.webextension.screenshots@mozilla.org	WARN	Loading extension 'screenshots@mozilla.org': Reading manifest: Invalid host permission: resource://pdf.js/
1546917388950	addons.webextension.screenshots@mozilla.org	WARN	Loading extension 'screenshots@mozilla.org': Reading manifest: Invalid host permission: about:reader*
1546917393504	Marionette	INFO	Listening on port 45167
1546917393544	Marionette	WARN	TLS certificate errors will be ignored for this session
JavaScript warning: https://www.tableau.com/sites/default/files/js/js_lqM_zzq5iCadVIW-c0inEkbUq6UkEEiEDrKtxQmYofw.js, line 1: Using //@ to indicate sourceMappingURL pragmas is deprecated. Use //# instead
JavaScript warning: https://www.google-analytics.com/gtm/js?id=GTM-M88C76Q&t=gtm7&cid=1060125075.1546917402, line 95: unreachable code after return statement
JavaScript error: https://www.tableau.com/sites/default/files/js/js_vrvq7gO4OFH3OfcjZIMstm1P8mvqmIDkxfQ7WXyAej4.js, line 21: TypeError: onTimeout.call is not a function
1546917429085	Marionette	INFO	Stopped listening on port 45167
1546917699875	mozrunner::runner	INFO	Running command: "/usr/bin/firefox" "-marionette" "-foreground" "-no-remote" "-profile" "/tmp/rust_mozprofile.1A0vZGJNfJbi"
1546917700936	addons.webextension.screenshots@mozilla.org	WARN	Loading extension 'screenshots@mozilla.org': Reading manifest: Invalid host permission: resource://pdf.js/
1546917700936	addons.webextension.screenshots@mozilla.org	WARN	Loading extension 'screenshots@mozilla.org': Reading manifest: Invalid host permission: about:reader*
1546917705438	Marionette	INFO	Listening on port 34693
1546917705507	Marionette	WARN	TLS certificate errors will be ignored for this session
JavaScript warning: https://www.tableau.com/sites/default/files/js/js_lqM_zzq5iCadVIW-c0inEkbUq6UkEEiEDrKtxQmYofw.js, line 1: Using //@ to indicate sourceMappingURL pragmas is deprecated. Use //# instead
JavaScript warning: https://www.google-analytics.com/gtm/js?id=GTM-M88C76Q&t=gtm7&cid=1725202061.1546917712, line 95: unreachable code after return statement
JavaScript error: https://www.tableau.com/sites/default/files/js/js_vrvq7gO4OFH3OfcjZIMstm1P8mvqmIDkxfQ7WXyAej4.js, line 21: TypeError: onTimeout.call is not a function
1546917741284	Marionette	INFO	Stopped listening on port 34693
JavaScript error: resource://gre/modules/WebProgressChild.jsm, line 58: TypeError: this.mm.content is null
1546918014411	mozrunner::runner	INFO	Running command: "/usr/bin/firefox" "-marionette" "-foreground" "-no-remote" "-profile" "/tmp/rust_mozprofile.lyh7f7BHCEgH"
1546918015522	addons.webextension.screenshots@mozilla.org	WARN	Loading extension 'screenshots@mozilla.org': Reading manifest: Invalid host permission: resource://pdf.js/
1546918015523	addons.webextension.screenshots@mozilla.org	WARN	Loading extension 'screenshots@mozilla.org': Reading manifest: Invalid host permission: about:reader*
1546918020284	Marionette	INFO	Listening on port 41643
1546918020359	Marionette	WARN	TLS certificate errors will be ignored for this session
JavaScript warning: https://www.tableau.com/sites/default/files/js/js_lqM_zzq5iCadVIW-c0inEkbUq6UkEEiEDrKtxQmYofw.js, line 1: Using //@ to indicate sourceMappingURL pragmas is deprecated. Use //# instead
JavaScript warning: https://www.google-analytics.com/gtm/js?id=GTM-M88C76Q&t=gtm7&cid=1974939051.1546918028, line 95: unreachable code after return statement
JavaScript error: https://www.tableau.com/sites/default/files/js/js_vrvq7gO4OFH3OfcjZIMstm1P8mvqmIDkxfQ7WXyAej4.js, line 21: TypeError: onTimeout.call is not a function
console.error: BroadcastService: 
  receivedBroadcastMessage: handler for
  remote-settings/monitor_changes
  threw error:
  Message: Error: Polling for changes failed: NetworkError when attempting to fetch resource..
  Stack:
    remoteSettingsFunction/remoteSettings.pollChanges@resource://services-settings/remote-settings.js:750:13

1546918085597	Marionette	INFO	Stopped listening on port 41643
1546918088508	mozrunner::runner	INFO	Running command: "/usr/bin/firefox" "-marionette" "-foreground" "-no-remote" "-profile" "/tmp/rust_mozprofile.5kp2IoB5LsVi"
1546918089658	addons.webextension.screenshots@mozilla.org	WARN	Loading extension 'screenshots@mozilla.org': Reading manifest: Invalid host permission: resource://pdf.js/
1546918089658	addons.webextension.screenshots@mozilla.org	WARN	Loading extension 'screenshots@mozilla.org': Reading manifest: Invalid host permission: about:reader*
1546918094404	Marionette	INFO	Listening on port 41267
1546918094471	Marionette	WARN	TLS certificate errors will be ignored for this session
JavaScript warning: https://www.tableau.com/sites/default/files/js/js_lqM_zzq5iCadVIW-c0inEkbUq6UkEEiEDrKtxQmYofw.js, line 1: Using //@ to indicate sourceMappingURL pragmas is deprecated. Use //# instead
JavaScript warning: https://www.google-analytics.com/gtm/js?id=GTM-M88C76Q&t=gtm7&cid=1733195980.1546918103, line 95: unreachable code after return statement
JavaScript error: https://www.tableau.com/sites/default/files/js/js_vrvq7gO4OFH3OfcjZIMstm1P8mvqmIDkxfQ7WXyAej4.js, line 21: TypeError: onTimeout.call is not a function
console.error: BroadcastService: 
  receivedBroadcastMessage: handler for
  remote-settings/monitor_changes
  threw error:
  Message: Error: Polling for changes failed: NetworkError when attempting to fetch resource..
  Stack:
    remoteSettingsFunction/remoteSettings.pollChanges@resource://services-settings/remote-settings.js:750:13

1546918154526	Marionette	INFO	Stopped listening on port 41267
JavaScript error: resource://gre/modules/WebProgressChild.jsm, line 58: TypeError: this.mm.content is null
1546918157528	mozrunner::runner	INFO	Running command: "/usr/bin/firefox" "-marionette" "-foreground" "-no-remote" "-profile" "/tmp/rust_mozprofile.IsnWYdmSBcw3"
1546918158645	addons.webextension.screenshots@mozilla.org	WARN	Loading extension 'screenshots@mozilla.org': Reading manifest: Invalid host permission: resource://pdf.js/
1546918158645	addons.webextension.screenshots@mozilla.org	WARN	Loading extension 'screenshots@mozilla.org': Reading manifest: Invalid host permission: about:reader*
1546918163436	Marionette	INFO	Listening on port 41919
1546918163499	Marionette	WARN	TLS certificate errors will be ignored for this session
JavaScript warning: https://www.tableau.com/sites/default/files/js/js_lqM_zzq5iCadVIW-c0inEkbUq6UkEEiEDrKtxQmYofw.js, line 1: Using //@ to indicate sourceMappingURL pragmas is deprecated. Use //# instead
JavaScript error: https://www.tableau.com/sites/default/files/js/js_vrvq7gO4OFH3OfcjZIMstm1P8mvqmIDkxfQ7WXyAej4.js, line 21: TypeError: onTimeout.call is not a function
console.error: BroadcastService: 
  receivedBroadcastMessage: handler for
  remote-settings/monitor_changes
  threw error:
  Message: Error: Polling for changes failed: NetworkError when attempting to fetch resource..
  Stack:
    remoteSettingsFunction/remoteSettings.pollChanges@resource://services-settings/remote-settings.js:750:13

JavaScript warning: https://www.google-analytics.com/gtm/js?id=GTM-M88C76Q&t=gtm7&cid=1244894237.1546918201, line 95: unreachable code after return statement
1546918218879	Marionette	INFO	Stopped listening on port 41919
[Parent 6878, Gecko_IOThread] WARNING: pipe error (78): Connection reset by peer: file /build/firefox-wWf_B4/firefox-64.0+build3/ipc/chromium/src/chrome/common/ipc_channel_posix.cc, line 363
JavaScript error: resource://gre/modules/WebProgressChild.jsm, line 58: TypeError: this.mm.content is null

###!!! [Child][RunMessage] Error: Channel closing: too late to send/recv, messages will be lost


###!!! [Child][RunMessage] Error: Channel closing: too late to send/recv, messages will be lost

[Child 7015, Chrome_ChildThread] WARNING: pipe error: Broken pipe: file /build/firefox-wWf_B4/firefox-64.0+build3/ipc/chromium/src/chrome/common/ipc_channel_posix.cc, line 736
[Child 7015, Chrome_ChildThread] WARNING: pipe error (3): Connection reset by peer: file /build/firefox-wWf_B4/firefox-64.0+build3/ipc/chromium/src/chrome/common/ipc_channel_posix.cc, line 363
*** UTM:SVC TimerManager:registerTimer called after profile-before-change notification. Ignoring timer registration for id: telemetry_modules_ping
1546918767385	mozrunner::runner	INFO	Running command: "/usr/bin/firefox" "-marionette" "-foreground" "-no-remote" "-profile" "/tmp/rust_mozprofile.hQQmV9p97NiM"
1546918768406	addons.webextension.screenshots@mozilla.org	WARN	Loading extension 'screenshots@mozilla.org': Reading manifest: Invalid host permission: resource://pdf.js/
1546918768406	addons.webextension.screenshots@mozilla.org	WARN	Loading extension 'screenshots@mozilla.org': Reading manifest: Invalid host permission: about:reader*
1546918772836	Marionette	INFO	Listening on port 35977
1546918772924	Marionette	WARN	TLS certificate errors will be ignored for this session
JavaScript warning: https://www.tableau.com/sites/default/files/js/js_lqM_zzq5iCadVIW-c0inEkbUq6UkEEiEDrKtxQmYofw.js, line 1: Using //@ to indicate sourceMappingURL pragmas is deprecated. Use //# instead
JavaScript warning: https://www.google-analytics.com/gtm/js?id=GTM-M88C76Q&t=gtm7&cid=112271453.1546918780, line 95: unreachable code after return statement
JavaScript error: https://www.tableau.com/sites/default/files/js/js_vrvq7gO4OFH3OfcjZIMstm1P8mvqmIDkxfQ7WXyAej4.js, line 21: TypeError: onTimeout.call is not a function
console.error: BroadcastService: 
  receivedBroadcastMessage: handler for
  remote-settings/monitor_changes
  threw error:
  Message: Error: Polling for changes failed: NetworkError when attempting to fetch resource..
  Stack:
    remoteSettingsFunction/remoteSettings.pollChanges@resource://services-settings/remote-settings.js:750:13

1546918818827	Marionette	INFO	Stopped listening on port 35977
1546919211991	mozrunner::runner	INFO	Running command: "/usr/bin/firefox" "-marionette" "-foreground" "-no-remote" "-profile" "/tmp/rust_mozprofile.htMyZZ3ayZwZ"
1546919213306	addons.webextension.screenshots@mozilla.org	WARN	Loading extension 'screenshots@mozilla.org': Reading manifest: Invalid host permission: resource://pdf.js/
1546919213306	addons.webextension.screenshots@mozilla.org	WARN	Loading extension 'screenshots@mozilla.org': Reading manifest: Invalid host permission: about:reader*
1546919218368	Marionette	INFO	Listening on port 37343
1546919218430	Marionette	WARN	TLS certificate errors will be ignored for this session
